INFO    2020-09-20 16:25:24,491 [http-nio-8084-exec-462] giangvt.servlet.TestServlet  - This is a logging statement from log4j
INFO    2020-09-20 16:25:28,917 [http-nio-8084-exec-465] giangvt.servlet.TestServlet  - This is a logging statement from log4j
INFO    2020-09-21 07:45:37,588 [http-nio-8084-exec-25] giangvt.servlet.MainController  - hehe
INFO    2020-09-23 11:00:37,847 [http-nio-8084-exec-6] giangvt.servlet.MainController  - hello error roai
INFO    2020-09-23 11:00:40,596 [http-nio-8084-exec-9] giangvt.servlet.MainController  - hello error roai
INFO    2020-09-23 17:04:55,825 [http-nio-8084-exec-62] giangvt.servlet.SearchArticleServlet  - ffff
INFO    2020-09-24 09:35:47,149 [http-nio-8084-exec-5] giangvt.servlet.SearchArticleServlet  - SearchArticleServlet _ SQL: Must declare the scalar variable "@P0Order".
INFO    2020-09-24 09:38:59,705 [http-nio-8084-exec-15] giangvt.servlet.SearchArticleServlet  - SearchArticleServlet _ SQL: Must declare the scalar variable "@P0Order".
INFO    2020-09-24 09:39:12,793 [http-nio-8084-exec-17] giangvt.servlet.SearchArticleServlet  - SearchArticleServlet _ SQL: Must declare the scalar variable "@P0Order".
INFO    2020-09-24 09:39:12,984 [http-nio-8084-exec-13] giangvt.servlet.SearchArticleServlet  - SearchArticleServlet _ SQL: Must declare the scalar variable "@P0Order".
INFO    2020-09-24 09:39:13,120 [http-nio-8084-exec-20] giangvt.servlet.SearchArticleServlet  - SearchArticleServlet _ SQL: Must declare the scalar variable "@P0Order".
INFO    2020-09-24 09:39:13,233 [http-nio-8084-exec-12] giangvt.servlet.SearchArticleServlet  - SearchArticleServlet _ SQL: Must declare the scalar variable "@P0Order".
INFO    2020-09-24 23:46:54,349 [http-nio-8084-exec-4] giangvt.servlet.SearchArticleServlet  - SearchArticleServlet _ SQL: Must declare the scalar variable "@P0Order".
INFO    2020-09-25 00:13:55,584 [http-nio-8084-exec-22] giangvt.servlet.SearchArticleServlet  - SearchArticleServlet _ SQL: The offset specified in a OFFSET clause may not be negative.
INFO    2020-09-25 00:14:05,357 [http-nio-8084-exec-23] giangvt.servlet.SearchArticleServlet  - SearchArticleServlet _ SQL: The offset specified in a OFFSET clause may not be negative.
INFO    2020-09-25 11:39:48,837 [http-nio-8084-exec-133] giangvt.servlet.MainController  - RegisterServlet _ SQLException: Violation of PRIMARY KEY constraint 'PK__tblUser__AB6E6165C4F4974B'. Cannot insert duplicate key in object 'dbo.tblUser'. The duplicate key value is (dothihoa2512@gmail.com).
INFO    2020-09-27 14:12:34,995 [http-nio-8084-exec-181] giangvt.servlet.PostArticleServlet  - PostArticleServlet _ FileUploadException: the request doesn't contain a multipart/form-data or multipart/mixed stream, content type header is application/x-www-form-urlencoded
INFO    2020-09-27 14:12:34,998 [http-nio-8084-exec-181] giangvt.servlet.PostArticleServlet  - PostArticleServlet _ Ex: null
INFO    2020-09-27 14:37:56,899 [http-nio-8084-exec-1] giangvt.servlet.MainController  - PostArticleServlet _ FileUploadException: the request doesn't contain a multipart/form-data or multipart/mixed stream, content type header is null
INFO    2020-09-27 14:38:00,339 [http-nio-8084-exec-7] giangvt.servlet.MainController  - PostArticleServlet _ FileUploadException: the request doesn't contain a multipart/form-data or multipart/mixed stream, content type header is application/x-www-form-urlencoded
INFO    2020-09-27 14:38:07,286 [http-nio-8084-exec-13] giangvt.servlet.MainController  - PostArticleServlet _ FileUploadException: the request doesn't contain a multipart/form-data or multipart/mixed stream, content type header is application/x-www-form-urlencoded
INFO    2020-09-27 14:50:46,965 [http-nio-8084-exec-39] giangvt.servlet.PostArticleServlet  - PostArticleServlet _ SQL: Cannot insert the value NULL into column 'image', table 'MiniSocialNetwork.dbo.tblArticle'; column does not allow nulls. INSERT fails.
INFO    2020-09-27 20:52:03,170 [http-nio-8084-exec-51] giangvt.servlet.PostArticleServlet  - PostArticleServlet _ Ex: null
INFO    2020-09-28 01:42:33,224 [http-nio-8084-exec-161] giangvt.servlet.PostArticleServlet  - PostArticleServlet _ SQL: The result set has no current row.
INFO    2020-09-28 01:44:53,145 [http-nio-8084-exec-164] giangvt.servlet.PostArticleServlet  - PostArticleServlet _ SQL: The result set has no current row.
INFO    2020-09-28 01:45:27,646 [http-nio-8084-exec-178] giangvt.servlet.PostArticleServlet  - PostArticleServlet _ SQL: The result set has no current row.
INFO    2020-09-28 01:47:38,586 [http-nio-8084-exec-187] giangvt.servlet.PostArticleServlet  - PostArticleServlet _ SQL: The result set has no current row.
INFO    2020-09-28 01:51:20,942 [http-nio-8084-exec-204] giangvt.servlet.PostArticleServlet  - PostArticleServlet _ SQL: The result set has no current row.
INFO    2020-09-28 10:03:32,113 [http-nio-8084-exec-2] giangvt.servlet.LikeArticleServlet  - LikeArticleServlet _ SQL: The INSERT statement conflicted with the FOREIGN KEY constraint "FK__tblEmotio__postI__6477ECF3". The conflict occurred in database "MiniSocialNetwork", table "dbo.tblArticle", column 'postId'.
INFO    2020-09-28 10:04:34,981 [http-nio-8084-exec-4] giangvt.servlet.DislikeArticleServlet  - LikeArticleServlet _ SQL: The INSERT statement conflicted with the FOREIGN KEY constraint "FK__tblEmotio__postI__6477ECF3". The conflict occurred in database "MiniSocialNetwork", table "dbo.tblArticle", column 'postId'.
INFO    2020-09-28 10:05:49,808 [http-nio-8084-exec-3] giangvt.servlet.DislikeArticleServlet  - LikeArticleServlet _ SQL: The INSERT statement conflicted with the FOREIGN KEY constraint "FK__tblEmotio__postI__6477ECF3". The conflict occurred in database "MiniSocialNetwork", table "dbo.tblArticle", column 'postId'.
INFO    2020-09-28 10:08:30,341 [http-nio-8084-exec-10] giangvt.servlet.DislikeArticleServlet  - LikeArticleServlet _ SQL: The INSERT statement conflicted with the FOREIGN KEY constraint "FK__tblEmotio__postI__6477ECF3". The conflict occurred in database "MiniSocialNetwork", table "dbo.tblArticle", column 'postId'.
INFO    2020-09-28 19:10:18,773 [http-nio-8084-exec-134] giangvt.servlet.PostCommentServlet  - PostCommentServlet _ SQL: Invalid column name 'status'.
INFO    2020-09-28 19:13:13,730 [http-nio-8084-exec-142] giangvt.servlet.PostCommentServlet  - PostCommentServlet _ SQL: Invalid column name 'status'.
INFO    2020-09-28 19:14:17,731 [http-nio-8084-exec-150] giangvt.servlet.PostCommentServlet  - PostCommentServlet _ SQL: Invalid column name 'status'.
INFO    2020-09-28 19:15:05,653 [http-nio-8084-exec-157] giangvt.servlet.PostCommentServlet  - PostCommentServlet _ SQL: Invalid column name 'status'.
INFO    2020-09-29 11:25:55,104 [http-nio-8084-exec-46] giangvt.servlet.DeleteArticleServlet  - DeleteArticleServlet _ SQL: The DELETE statement conflicted with the REFERENCE constraint "FK__tblEmotio__postI__6477ECF3". The conflict occurred in database "MiniSocialNetwork", table "dbo.tblEmotion", column 'postId'.
INFO    2020-09-29 11:38:19,232 [http-nio-8084-exec-48] giangvt.servlet.DeleteArticleServlet  - DeleteArticleServlet _ SQL: The DELETE statement conflicted with the REFERENCE constraint "FK__tblEmotio__postI__6477ECF3". The conflict occurred in database "MiniSocialNetwork", table "dbo.tblEmotion", column 'postId'.
INFO    2020-09-29 11:38:50,970 [http-nio-8084-exec-53] giangvt.servlet.DeleteArticleServlet  - DeleteArticleServlet _ SQL: The DELETE statement conflicted with the REFERENCE constraint "FK__tblEmotio__postI__6477ECF3". The conflict occurred in database "MiniSocialNetwork", table "dbo.tblEmotion", column 'postId'.
INFO    2020-09-29 11:39:48,628 [http-nio-8084-exec-70] giangvt.servlet.DeleteArticleServlet  - DeleteArticleServlet _ SQL: The DELETE statement conflicted with the REFERENCE constraint "FK__tblEmotio__postI__6477ECF3". The conflict occurred in database "MiniSocialNetwork", table "dbo.tblEmotion", column 'postId'.
INFO    2020-09-29 11:41:01,680 [http-nio-8084-exec-82] giangvt.servlet.DeleteArticleServlet  - DeleteArticleServlet _ SQL: The DELETE statement conflicted with the REFERENCE constraint "FK__tblEmotio__postI__6477ECF3". The conflict occurred in database "MiniSocialNetwork", table "dbo.tblEmotion", column 'postId'.
INFO    2020-09-29 11:42:46,219 [http-nio-8084-exec-91] giangvt.servlet.DeleteArticleServlet  - DeleteArticleServlet _ SQL: The DELETE statement conflicted with the REFERENCE constraint "FK__tblEmotio__postI__6477ECF3". The conflict occurred in database "MiniSocialNetwork", table "dbo.tblEmotion", column 'postId'.
INFO    2020-09-29 11:48:03,035 [http-nio-8084-exec-92] giangvt.servlet.DeleteArticleServlet  - DeleteArticleServlet _ SQL: The DELETE statement conflicted with the REFERENCE constraint "FK__tblEmotio__postI__6477ECF3". The conflict occurred in database "MiniSocialNetwork", table "dbo.tblEmotion", column 'postId'.
INFO    2020-09-29 20:46:43,620 [http-nio-8084-exec-9] giangvt.servlet.DeleteCmtServlet  - DeleteCmtServlet _ SQL: Incorrect syntax near '('.
INFO    2020-09-29 22:14:35,582 [http-nio-8084-exec-110] giangvt.servlet.DeleteArticleServlet  - DeleteArticleServlet _ SQL: Must declare the scalar variable "@P0Where".
INFO    2020-09-30 00:04:16,204 [http-nio-8084-exec-154] giangvt.servlet.MainController  - RegisterServlet _ SQLException: Violation of PRIMARY KEY constraint 'PK__tblUser__AB6E6165C4F4974B'. Cannot insert duplicate key in object 'dbo.tblUser'. The duplicate key value is (vuthugiang2610@gmail.com).
INFO    2020-09-30 00:04:58,021 [http-nio-8084-exec-158] giangvt.servlet.MainController  - RegisterServlet _ SQLException: Violation of PRIMARY KEY constraint 'PK__tblUser__AB6E6165C4F4974B'. Cannot insert duplicate key in object 'dbo.tblUser'. The duplicate key value is (vuthugiang2610@gmail.com).
INFO    2020-09-30 00:05:03,405 [http-nio-8084-exec-152] giangvt.servlet.MainController  - RegisterServlet _ SQLException: Violation of PRIMARY KEY constraint 'PK__tblUser__AB6E6165C4F4974B'. Cannot insert duplicate key in object 'dbo.tblUser'. The duplicate key value is (vuthugiang2610@gmail.com).
INFO    2020-09-30 00:05:22,940 [http-nio-8084-exec-153] giangvt.servlet.MainController  - RegisterServlet _ SQLException: Violation of PRIMARY KEY constraint 'PK__tblUser__AB6E6165C4F4974B'. Cannot insert duplicate key in object 'dbo.tblUser'. The duplicate key value is (vuthugiang2610@gmail.com).
INFO    2020-09-30 10:06:22,810 [http-nio-8084-exec-61] giangvt.servlet.ShowNotiServlet  - ShowNotiServlet _ SQL: Invalid object name 'tblNotity'.
INFO    2020-09-30 10:09:39,908 [http-nio-8084-exec-80] giangvt.servlet.ShowNotiServlet  - ShowNotiServlet _ SQL: The value is not set for the parameter number 1.
INFO    2020-09-30 10:11:33,088 [http-nio-8084-exec-89] giangvt.servlet.ShowNotiServlet  - ShowNotiServlet _ SQL: The value is not set for the parameter number 1.
INFO    2020-09-30 10:12:43,963 [http-nio-8084-exec-88] giangvt.servlet.ShowNotiServlet  - ShowNotiServlet _ SQL: The value is not set for the parameter number 1.
INFO    2020-09-30 10:13:34,223 [http-nio-8084-exec-94] giangvt.servlet.ShowNotiServlet  - ShowNotiServlet _ SQL: The value is not set for the parameter number 1.
INFO    2020-09-30 10:14:36,792 [http-nio-8084-exec-101] giangvt.servlet.ShowNotiServlet  - ShowNotiServlet _ SQL: The value is not set for the parameter number 1.
INFO    2020-09-30 10:16:33,225 [http-nio-8084-exec-90] giangvt.servlet.ShowNotiServlet  - ShowNotiServlet _ SQL: Invalid column name 'name'.
INFO    2020-09-30 10:26:13,893 [http-nio-8084-exec-110] giangvt.servlet.ShowNotiServlet  - ShowNotiServlet _ SQL: Invalid column name 'name'.
INFO    2020-09-30 14:05:30,160 [http-nio-8084-exec-39] giangvt.servlet.ShowNotiServlet  - ShowNotiServlet _ SQL: The value is not set for the parameter number 2.
INFO    2020-09-30 14:05:54,635 [http-nio-8084-exec-40] giangvt.servlet.ShowNotiServlet  - ShowNotiServlet _ SQL: The value is not set for the parameter number 2.
INFO    2020-09-30 17:52:10,964 [http-nio-8084-exec-144] giangvt.servlet.DeleteArticleServlet  - DeleteArticleServlet _ SQL: Incorrect syntax near the keyword 'And'.
INFO    2020-09-30 17:52:28,732 [http-nio-8084-exec-140] giangvt.servlet.DeleteArticleServlet  - DeleteArticleServlet _ SQL: Incorrect syntax near the keyword 'And'.
INFO    2020-09-30 17:53:07,743 [http-nio-8084-exec-157] giangvt.servlet.DeleteArticleServlet  - DeleteArticleServlet _ SQL: Incorrect syntax near 'postId'.
INFO    2020-09-30 17:54:52,869 [http-nio-8084-exec-152] giangvt.servlet.DeleteArticleServlet  - DeleteArticleServlet _ SQL: Incorrect syntax near 'postId'.
INFO    2020-10-04 10:31:05,278 [http-nio-8080-exec-5] giangvt.servlet.MainController  - LoginServlet _ SQLException: Cannot load JDBC driver class 'com.microsoft.sqlserver.jdbc.SQLServerDriver'
INFO    2020-10-04 10:31:14,374 [http-nio-8080-exec-10] giangvt.servlet.MainController  - LoginServlet _ SQLException: Cannot load JDBC driver class 'com.microsoft.sqlserver.jdbc.SQLServerDriver'
INFO    2020-10-04 10:31:40,877 [http-nio-8080-exec-4] giangvt.servlet.MainController  - LoginServlet _ SQLException: Cannot load JDBC driver class 'com.microsoft.sqlserver.jdbc.SQLServerDriver'
INFO    2020-10-04 10:32:20,954 [http-nio-8080-exec-10] giangvt.servlet.MainController  - LoginServlet _ SQLException: Cannot load JDBC driver class 'com.microsoft.sqlserver.jdbc.SQLServerDriver'
INFO    2020-10-07 10:38:51,378 [http-nio-8084-exec-10] giangvt.servlet.MainController  - LoginServlet _ NamingException: Name [DV007] is not bound in this Context. Unable to find [DV007].
INFO    2020-10-07 10:39:20,127 [http-nio-8084-exec-5] giangvt.servlet.SearchArticleServlet  - SearchArticleServlet _ Naming: Name [DV007] is not bound in this Context. Unable to find [DV007].
INFO    2020-10-07 10:40:19,922 [http-nio-8084-exec-2] giangvt.servlet.MainController  - LoginServlet _ NamingException: Name [DV007] is not bound in this Context. Unable to find [DV007].
INFO    2020-10-07 10:40:26,172 [http-nio-8084-exec-10] giangvt.servlet.SearchArticleServlet  - SearchArticleServlet _ Naming: Name [DV007] is not bound in this Context. Unable to find [DV007].
INFO    2020-10-07 10:44:43,764 [http-nio-8080-exec-2] giangvt.servlet.MainController  - LoginServlet _ NamingException: Name [DV007] is not bound in this Context. Unable to find [DV007].
